3 0 1 2
5 3 5 9 84 130
9 4 6 10 12 30 37 52 132 183
7 7 11 16 17 46 49 165
8 8 13 14 20 43 47 77 151
12 15 18 21 22 23 25 31 55 59 69 94 169
8 19 26 27 35 66 71 97 149
10 24 28 42 45 51 78 120 123 153 175
8 29 40 48 67 126 135 173 274
8 32 50 61 70 98 100 143 208
12 34 38 39 64 68 73 76 81 104 154 178 211
10 41 44 53 82 83 106 155 186 189 247
13 54 56 57 79 86 89 90 93 101 112 152 194 257
10 58 60 91 96 109 114 115 141 206 240
10 62 63 102 111 118 119 142 215 229 278
8 72 74 113 117 124 145 176 233
10 75 92 105 121 131 139 182 192 228 262
9 80 95 122 138 181 196 231 270 293
9 85 88 107 128 140 199 205 251 256
10 87 103 125 129 146 147 201 223 252 272
11 99 127 137 156 157 158 160 190 219 265 279
8 108 133 136 163 235 238 242 297
11 110 134 144 166 170 197 237 248 250 266 288
9 116 148 150 172 174 177 255 264 280
8 159 171 185 191 269 283 287 289
6 161 187 188 195 291 292
6 162 193 198 202 207 253
4 164 200 204 209
6 167 203 213 214 217 236
5 168 210 218 222 243
9 180 212 220 224 230 239 254 268 271
5 184 225 226 241 258
6 216 227 232 244 282 298
4 245 277 284 295
5 246 259 260 261 281
3 249 263 267
2 273 285
3 275 276 290
2 286 294
2 296 299
0
0
0
0
0
0
0
0
0
0
0
0
0
0
0
0
0
0
0
0
0
0
0
0
0
0
0
0
0
0
0
0
0
0
0
0
0
0
0
0
0
0
0
0
0
0
0
0
0
0
0
0
0
0
0
0
0
0
0
0