5 0 7 12 20 431
5 1 2 3 4 6
5 5 8 13 44 49
4 9 16 26 60
7 10 11 14 18 51 58 2625
10 15 17 21 28 30 31 36 54 59 263
5 19 22 23 56 79
9 24 25 33 40 68 70 73 86 391
9 27 37 38 42 75 78 82 124 3931
9 29 32 34 45 46 53 63 77 89
9 35 39 43 62 87 101 107 108 131
12 41 47 50 52 71 99 103 129 132 136 142 452
15 55 57 64 65 67 72 80 94 110 111 139 140 143 144 182
16 61 66 69 74 76 81 83 96 106 113 115 148 149 160 170 176
12 84 85 90 97 114 121 123 134 163 165 181 616
13 88 91 93 104 105 116 135 145 171 185 188 195 234
14 92 95 98 112 118 120 125 127 153 184 192 197 204 220
15 100 102 122 126 130 151 152 158 162 189 201 207 224 295 9476
15 109 117 119 128 133 154 155 167 191 205 221 226 231 265 557
5 137 161 174 242 840
8 138 150 173 177 178 179 213 218
3 141 146 180
9 147 164 183 186 198 228 229 246 247
12 156 168 193 194 202 214 215 217 227 236 238 240
16 157 159 166 172 175 196 199 219 223 235 243 251 270 296 299 2363
12 169 187 209 216 232 237 255 257 262 274 302 1293
13 190 200 206 208 210 212 230 233 269 298 304 325 1507
10 211 239 244 250 253 258 307 316 321 410
13 222 225 241 245 248 249 252 256 259 289 322 383 480
10 254 260 261 264 276 281 291 327 336 1653
15 266 267 272 275 278 279 283 286 287 294 312 329 343 390 632
12 268 271 273 277 280 282 285 288 301 361 398 900
11 284 290 292 293 305 308 314 366 371 392 749
8 297 300 309 317 393 395 406 587
6 303 306 323 418 443 757
6 310 324 349 401 421 455
13 311 313 315 318 319 330 331 333 341 411 416 432 2554
11 320 326 334 335 340 344 347 360 424 465 1136
9 328 332 337 345 362 420 430 479 635
6 338 339 346 351 389 495
11 342 350 356 357 358 359 386 404 407 436 437
9 348 352 353 363 367 427 438 464 2038
9 354 355 365 368 451 472 526 573 7509
8 364 369 373 413 429 441 446 532
7 370 384 440 447 471 623 1288
11 372 374 377 379 385 387 388 414 454 488 630
16 375 376 380 382 396 397 399 426 434 450 460 466 504 522 535 1254
14 378 381 402 403 405 412 449 453 467 469 525 548 626 5592
13 394 400 408 425 433 442 468 470 534 538 556 562 3626
14 409 415 419 428 448 456 478 486 491 540 566 571 729 2909
8 417 422 435 457 458 481 490 492
16 423 439 444 459 461 473 484 485 496 500 503 509 528 559 579 2816
14 445 462 463 475 477 487 505 517 547 555 570 590 603 611
6 474 476 598 638 667 2090
16 482 483 493 494 498 508 510 514 520 539 564 592 644 653 662 758
9 489 497 499 515 574 576 593 605 797
11 501 512 516 518 544 551 577 594 648 664 790
12 502 506 507 521 546 558 581 619 631 669 731 1403
16 511 513 523 524 527 529 531 536 537 567 569 595 609 675 710 2617
13 519 530 533 541 542 543 545 552 578 584 597 613 690
9 549 550 561 586 588 602 625 651 685
13 553 560 572 582 589 591 600 628 637 679 702 747 4399
8 554 563 575 596 604 614 640 641
14 565 580 583 599 601 608 612 620 642 652 705 706 737 1038
13 568 585 607 617 618 621 647 650 654 707 746 868 1207
12 606 610 615 622 624 634 670 673 681 712 722 792
12 627 629 636 639 643 676 678 684 721 736 748 750
16 633 645 646 649 657 658 659 695 703 727 738 743 759 762 913 7105
14 655 656 660 661 663 668 696 717 735 752 755 763 795 1107
12 665 671 674 680 682 687 725 745 756 764 770 1120
8 666 683 686 692 701 754 765 766
9 672 677 688 689 693 771 776 778 784
11 691 694 698 714 767 781 783 787 794 796 805
13 697 699 704 708 709 711 715 716 723 777 788 807 939
10 700 713 718 720 724 728 732 733 740 773
12 719 726 730 739 742 782 785 791 804 811 818 828
9 734 741 744 760 789 793 831 836 1150
13 751 753 761 774 786 798 809 810 834 845 858 859 888
17 768 769 772 779 800 801 803 806 814 815 822 855 869 899 901 980 2307
7 775 780 808 812 819 829 835
3 799 813 820
12 802 816 817 821 824 827 838 844 879 906 910 2252
13 823 826 832 833 839 841 848 850 860 898 914 925 955
14 825 830 842 843 846 847 851 861 866 885 911 926 954 1247
13 849 852 857 862 875 880 882 890 912 927 932 936 966
9 853 863 870 891 915 937 944 948 1003
11 854 856 864 865 867 871 878 895 917 919 923
7 872 953 958 960 962 971 1202
10 873 874 877 884 931 959 968 973 976 4023
12 876 881 883 887 903 909 940 964 974 983 994 998
8 886 889 894 905 941 977 995 1157
10 892 893 897 904 952 981 1001 1006 1084 1425
12 896 902 907 916 924 929 930 972 985 988 1007 1009
8 908 918 933 946 984 1011 1014 1015
8 920 921 922 928 943 1019 1043 1082
6 934 935 938 963 969 978
9 942 947 949 965 989 999 1016 1020 1076
9 945 950 951 957 967 970 991 1017 1018
8 956 975 979 982 987 996 1021 1022
6 961 986 990 993 997 1000
13 992 1004 1005 1008 1012 1025 1026 1028 1035 1052 1055 1089 8499
5 1002 1024 1027 1056 1080
9 1010 1013 1023 1029 1036 1044 1060 1064 1115
10 1030 1031 1032 1039 1049 1073 1074 1083 1086 3664
8 1033 1034 1059 1077 1085 1091 1134 2318
5 1037 1058 1063 1087 1088
7 1040 1041 1042 1053 1061 1093 1242
11 1045 1047 1050 1065 1068 1069 1070 1092 1095 1118 1374
13 1046 1048 1051 1057 1071 1072 1075 1096 1103 1127 1128 1137 1173
5 1054 1062 1067 1131 3517
10 1066 1078 1094 1099 1108 1116 1129 1139 1244 1662
12 1079 1081 1098 1104 1106 1110 1112 1126 1141 1147 1153 4277
6 1090 1097 1100 1101 1102 1114
13 1105 1109 1117 1119 1122 1125 1133 1144 1148 1149 1158 1210 1950
7 1111 1113 1121 1123 1124 1130 1140
12 1132 1145 1151 1152 1155 1156 1161 1164 1174 1185 1191 3698
8 1135 1154 1162 1166 1172 1180 1195 1204
10 1138 1142 1143 1163 1167 1171 1183 1187 1205 1212
3 1146 1184 1190
1 1159
8 1160 1165 1168 1175 1188 1213 1216 1230
12 1169 1176 1177 1179 1181 1196 1197 1214 1225 1226 1261 1881
13 1170 1182 1186 1193 1198 1199 1203 1219 1234 1238 1249 1336 2659
9 1178 1194 1217 1229 1231 1258 1277 1285 8046
12 1189 1201 1211 1218 1224 1236 1239 1259 1262 1268 1290 1300
9 1192 1265 1270 1274 1279 1295 1301 1375 7855
10 1200 1206 1233 1235 1237 1241 1278 1280 1304 1437
4 1208 1243 1283 1284
9 1209 1215 1220 1222 1223 1245 1246 1306 1327
14 1221 1227 1228 1232 1248 1250 1252 1253 1260 1287 1312 1318 1343 8850
15 1240 1251 1255 1264 1266 1275 1289 1291 1292 1296 1303 1322 1360 1510 2210
12 1256 1257 1263 1271 1281 1286 1298 1308 1321 1333 1347 1452
16 1267 1272 1276 1282 1294 1297 1302 1310 1317 1329 1334 1337 1341 1350 1404 1410
11 1269 1273 1299 1307 1314 1320 1331 1351 1354 1356 1446
4 1305 1309 1316 1344
6 1311 1324 1325 1328 1338 1339
5 1313 1319 1358 1359 1408
13 1315 1323 1326 1330 1340 1342 1361 1362 1366 1367 1377 1378 2322
12 1332 1345 1352 1368 1370 1373 1379 1380 1383 1385 1456 2862
15 1335 1346 1348 1353 1355 1357 1365 1382 1389 1390 1395 1398 1418 1547 2563
10 1349 1364 1371 1388 1391 1397 1400 1419 1426 1439
5 1363 1369 1376 1454 1577
6 1372 1381 1401 1413 1427 1472
9 1384 1386 1387 1393 1405 1411 1435 1473 1540
10 1392 1394 1396 1409 1420 1440 1445 1462 1478 4474
6 1399 1467 1479 1483 1495 2170
10 1402 1416 1417 1423 1442 1476 1487 1526 1549 1552
12 1406 1407 1412 1414 1415 1421 1432 1468 1481 1484 1488 1558
11 1422 1424 1428 1434 1448 1482 1486 1497 1514 1559 2508
11 1429 1431 1436 1444 1450 1458 1461 1490 1506 1542 1562
9 1430 1433 1443 1449 1457 1463 1517 1522 1569
9 1438 1441 1451 1464 1536 1570 1573 1574 2704
13 1447 1453 1455 1459 1460 1469 1477 1499 1544 1575 1576 1677 3713
9 1465 1466 1470 1471 1474 1485 1505 1519 1545
10 1475 1480 1489 1493 1498 1520 1548 1572 1579 1594
13 1491 1494 1496 1501 1502 1508 1533 1566 1581 1599 1602 1619 2273
13 1492 1500 1503 1504 1509 1513 1516 1525 1556 1585 1586 1615 1958
8 1511 1518 1521 1523 1524 1531 1535 1546
12 1512 1515 1527 1529 1539 1554 1567 1588 1607 1611 1614 1622
11 1528 1530 1532 1534 1538 1571 1600 1616 1623 1624 1680
4 1537 1541 1551 1555
7 1543 1550 1553 1561 1563 1633 1636
9 1557 1560 1564 1578 1582 1621 1638 1641 1642
14 1565 1568 1583 1587 1590 1591 1606 1608 1617 1618 1643 1645 1658 1730
6 1580 1584 1592 1596 1603 1626
8 1589 1595 1597 1610 1631 1632 1646 2658
8 1593 1598 1604 1612 1640 1648 1652 1691
14 1601 1605 1613 1620 1628 1629 1647 1649 1650 1654 1659 1661 1663 1823
15 1609 1625 1627 1630 1634 1637 1639 1651 1656 1657 1665 1669 1682 1694 1961
11 1635 1644 1655 1666 1670 1673 1683 1696 1698 1699 5175
9 1660 1667 1668 1671 1675 1678 1701 1704 1731
7 1664 1672 1679 1684 1703 1705 1801
10 1674 1676 1681 1686 1687 1706 1708 1713 1718 1740
9 1685 1688 1690 1702 1707 1712 1720 1722 1809
10 1689 1692 1693 1695 1719 1726 1732 1744 1758 1829
9 1697 1700 1709 1711 1714 1728 1736 1788 1898
9 1710 1715 1716 1717 1727 1739 1748 1751 1972
12 1721 1723 1724 1733 1737 1743 1749 1760 1764 1805 1848 3871
10 1725 1729 1734 1741 1742 1753 1772 1798 1808 1948
12 1735 1738 1745 1746 1747 1750 1754 1759 1786 1813 1825 2130
12 1752 1756 1761 1762 1763 1765 1782 1792 1820 1822 1837 1858
9 1755 1766 1793 1795 1812 1826 1851 1865 1868
12 1757 1767 1768 1769 1770 1797 1802 1824 1841 1878 1892 2185
8 1771 1775 1780 1811 1846 1887 1929 9931
11 1773 1774 1776 1781 1806 1836 1849 1890 1903 1905 4296
7 1777 1778 1789 1847 1894 1938 3097
11 1779 1783 1787 1790 1807 1814 1818 1859 1901 1909 1923
8 1784 1785 1819 1877 1882 1928 1951 2208
9 1791 1796 1810 1816 1821 1895 1906 1931 2117
12 1794 1799 1800 1804 1827 1832 1850 1893 1919 1935 1962 6390
2 1803 1817
8 1815 1828 1853 1899 1927 1939 1966 2521
9 1830 1831 1834 1839 1854 1925 1936 1974 2002
6 1833 1835 1838 1840 1842 1855
3 1843 1844 1976
10 1845 1852 1856 1885 1904 1926 1952 1982 1987 3275
10 1857 1870 1875 1915 1943 1953 1983 2010 2029 2163
5 1860 1861 1871 1876 1880
15 1862 1864 1872 1879 1886 1889 1916 1924 1940 1990 2019 2030 2103 2224 4803
12 1863 1866 1873 1884 1891 1896 1902 1907 1911 1917 1933 1956
11 1867 1869 1883 1897 1913 1914 1918 1934 1957 1969 2007
10 1874 1920 1921 1946 1954 1971 1991 2022 2032 2138
10 1888 1908 1910 1912 1922 2005 2011 2049 2276 6828
10 1930 1932 1941 1945 1959 2001 2024 2035 2055 2098
7 1937 1942 1947 1955 1960 1964 1973
5 1944 1963 1965 1975 1998
10 1949 1967 1977 1979 1985 2003 2013 2027 2059 2070
14 1968 1970 1980 1981 1988 1989 2004 2014 2028 2034 2046 2064 2073 2100
13 1978 1984 1986 1994 1996 2012 2043 2044 2050 2067 2069 2096 2606
15 1992 1993 1995 1997 1999 2017 2018 2047 2054 2080 2083 2094 2097 2114 2223
12 2000 2006 2008 2016 2023 2040 2057 2087 2113 2133 2134 8196
14 2015 2020 2021 2025 2033 2037 2045 2058 2063 2091 2136 2139 2169 9005
14 2026 2031 2036 2039 2041 2042 2051 2065 2066 2088 2120 2131 2145 2238
11 2048 2052 2062 2068 2071 2095 2101 2127 2144 2148 4348
1 2053
12 2056 2060 2061 2075 2076 2081 2092 2125 2152 2158 2165 2650
13 2072 2074 2077 2084 2085 2086 2102 2137 2149 2155 2172 2188 8543
5 2078 2093 2099 2175 2764
11 2079 2082 2089 2104 2109 2111 2146 2157 2182 2196 2280
11 2105 2107 2115 2116 2119 2124 2161 2193 2197 2200 2202
13 2106 2108 2118 2121 2122 2129 2142 2150 2162 2189 2192 2203 2211
10 2110 2126 2128 2153 2154 2168 2186 2191 2221 2321
14 2112 2132 2140 2141 2151 2156 2160 2183 2194 2195 2204 2219 2225 8942
14 2123 2135 2143 2159 2173 2199 2201 2215 2218 2226 2227 2243 2253 2770
6 2147 2164 2167 2174 2177 2326
13 2166 2171 2178 2179 2190 2205 2222 2229 2237 2249 2251 2255 2257
8 2176 2239 2242 2258 2259 2267 2271 4124
12 2180 2181 2184 2187 2198 2209 2232 2256 2262 2269 2287 3346
5 2206 2212 2289 2312 5449
9 2207 2213 2214 2263 2266 2277 2286 2294 2329
8 2216 2217 2220 2228 2230 2231 2236 2265
12 2233 2234 2235 2241 2244 2246 2268 2282 2283 2298 2300 2358
11 2240 2247 2248 2254 2274 2290 2295 2301 2308 2334 2409
11 2245 2250 2260 2261 2264 2279 2302 2310 2337 2353 5037
14 2270 2272 2281 2284 2303 2306 2317 2325 2331 2336 2339 2342 2361 2410
11 2275 2285 2309 2328 2333 2344 2347 2349 2371 2373 7820
5 2278 2288 2354 2376 2671
13 2291 2292 2299 2340 2350 2365 2367 2372 2389 2408 2427 2493 7281
10 2293 2297 2311 2341 2364 2369 2370 2411 2441 2610
16 2296 2304 2305 2314 2315 2319 2323 2343 2378 2388 2391 2421 2449 2450 2457 2746
13 2313 2316 2320 2324 2330 2345 2379 2394 2396 2423 2454 2488 8594
5 2327 2332 2346 2494 4841
11 2335 2338 2348 2351 2380 2381 2392 2400 2433 2456 2463
12 2352 2355 2359 2360 2362 2387 2403 2405 2422 2437 2469 2487
13 2356 2357 2366 2368 2374 2398 2404 2406 2425 2443 2475 2490 2492
9 2375 2383 2386 2395 2401 2407 2416 2435 2448
7 2377 2382 2390 2413 2417 2420 2430
6 2384 2414 2419 2428 2440 2445
13 2385 2393 2397 2424 2429 2431 2434 2438 2446 2458 2481 2491 2529
10 2399 2402 2439 2447 2452 2459 2460 2499 2502 7133
3 2412 2474 2509
10 2415 2442 2444 2451 2462 2471 2496 2516 2530 5244
6 2418 2485 2503 2540 2544 2878
12 2426 2436 2453 2455 2461 2466 2472 2518 2545 2550 2564 2618
13 2432 2464 2467 2468 2470 2473 2476 2489 2517 2569 2579 2586 2824
11 2465 2477 2478 2479 2483 2500 2522 2583 2594 2604 3458
9 2480 2482 2484 2506 2534 2592 2595 2597 3087
3 2486 2593 2818
12 2495 2497 2498 2501 2504 2510 2549 2553 2608 2609 2628 2786
8 2505 2513 2514 2524 2555 2575 2612 2615
9 2507 2511 2512 2515 2523 2525 2526 2527 2528
10 2519 2520 2531 2532 2533 2562 2588 2598 2623 2627
5 2535 2541 2638 2664 5456
13 2536 2537 2538 2539 2542 2560 2570 2582 2624 2656 2666 2691 4795
7 2543 2546 2547 2557 2567 2616 2620
9 2548 2552 2558 2565 2572 2621 2629 2677 2750
9 2551 2556 2561 2574 2631 2637 2679 2697 3033
4 2559 2566 2568 2573
11 2571 2576 2577 2578 2580 2584 2587 2607 2619 2643 2669
10 2585 2589 2590 2611 2630 2647 2683 2689 2724 3035
1 2591
9 2596 2602 2632 2633 2646 2655 2692 2693 3569
10 2599 2613 2635 2636 2640 2654 2685 2698 2752 2755
15 2600 2601 2614 2626 2634 2642 2672 2674 2699 2701 2719 2725 2728 2730 2794
12 2603 2605 2622 2644 2662 2667 2687 2703 2734 2772 2773 2853
8 2639 2641 2645 2649 2668 2705 2707 2709
10 2648 2652 2653 2665 2676 2678 2727 2747 2785 2813
3 2651 2657 2660
14 2661 2663 2670 2680 2688 2690 2700 2708 2723 2733 2779 2795 2806 4197
9 2673 2675 2682 2712 2716 2749 2814 2819 2897
9 2681 2684 2694 2721 2726 2763 2815 2820 2830
12 2686 2695 2702 2710 2713 2732 2739 2743 2767 2821 2822 2836
5 2696 2706 2714 2715 2736
12 2711 2717 2722 2729 2740 2741 2744 2775 2823 2839 2840 3984
6 2718 2827 2833 2843 2845 2848
11 2720 2731 2737 2745 2753 2756 2757 2759 2807 2847 2851
12 2735 2738 2742 2748 2751 2761 2789 2792 2811 2855 2865 3110
2 2754 2758
10 2760 2762 2765 2766 2798 2842 2858 2868 2873 3153
8 2768 2769 2800 2801 2812 2864 2880 2914
11 2771 2776 2777 2778 2804 2817 2825 2870 2876 2886 3238
15 2774 2780 2781 2782 2787 2790 2791 2793 2796 2808 2844 2872 2879 2888 2890
11 2783 2797 2799 2802 2803 2826 2860 2863 2894 2902 3064
7 2784 2788 2805 2810 2832 2849 2866
13 2809 2829 2831 2834 2837 2841 2852 2871 2877 2895 2905 2908 2953
11 2828 2835 2846 2850 2854 2856 2859 2889 2911 2922 2936
13 2838 2857 2861 2874 2875 2884 2891 2906 2915 2925 2926 2940 4186
3 2867 2882 2887
11 2869 2881 2885 2892 2896 2903 2923 2929 2933 2961 2964
14 2883 2893 2898 2899 2901 2918 2932 2943 2946 2962 2968 2976 3000 3032
6 2900 2904 2907 2913 2931 2939
8 2910 2916 2921 2924 2945 2947 2950 2951
12 2912 2917 2919 2927 2928 2935 2938 2942 2944 2965 2974 2983
14 2920 2930 2937 2948 2955 2956 2957 2960 2966 2970 2985 2987 2993 3069
14 2934 2941 2952 2954 2958 2959 2971 2978 2980 2994 2995 2998 3010 3021
15 2949 2963 2967 2969 2972 2975 2977 2984 2990 2991 3001 3002 3012 3014 4662
10 2973 2979 2982 2988 2997 3003 3015 3019 3020 3185
12 2981 2989 2996 3004 3006 3011 3013 3023 3026 3039 3042 4908
9 2986 2992 2999 3007 3008 3018 3028 3041 3107
8 3005 3009 3016 3022 3031 3040 3043 3048
8 3017 3027 3034 3037 3046 3059 3063 3224
16 3024 3025 3029 3030 3036 3038 3044 3045 3049 3056 3062 3070 3076 3080 3115 5784
11 3047 3050 3052 3058 3060 3071 3081 3084 3098 3099 3286
9 3051 3053 3061 3074 3075 3093 3120 3378 4393
7 3054 3057 3065 3072 3078 3079 3086
9 3055 3066 3068 3073 3077 3082 3085 3088 3780
7 3067 3083 3089 3091 3094 3106 3111
8 3090 3092 3095 3113 3125 3128 3172 4129
7 3096 3100 3102 3109 3126 3132 3184
7 3101 3114 3118 3131 3134 3140 3274
18 3103 3104 3105 3108 3112 3116 3117 3121 3123 3124 3127 3136 3137 3142 3143 3158 3189 3218
13 3119 3122 3130 3139 3144 3150 3151 3162 3165 3171 3180 3204 4018
12 3129 3133 3135 3141 3145 3155 3175 3179 3192 3223 3237 3349
11 3138 3146 3149 3152 3161 3183 3186 3198 3244 3264 3712
9 3147 3154 3163 3164 3166 3195 3206 3229 3279
11 3148 3157 3159 3177 3194 3214 3217 3226 3240 3246 3350
13 3156 3160 3167 3169 3173 3178 3182 3187 3234 3243 3250 3254 3284
6 3168 3170 3174 3191 3201 3207
8 3176 3181 3193 3227 3241 3242 3255 3259
12 3188 3190 3196 3199 3205 3209 3215 3235 3248 3256 3277 4374
5 3197 3200 3202 3559 4783
10 3203 3210 3211 3212 3213 3219 3252 3287 3289 6492
10 3208 3216 3221 3231 3247 3258 3260 3265 3302 3310
10 3220 3222 3228 3232 3268 3273 3280 3301 3313 3386
6 3225 3283 3298 3369 3402 5399
3 3230 3285 3288
7 3233 3263 3272 3304 3305 3322 3412
14 3236 3239 3245 3249 3251 3261 3266 3282 3290 3293 3303 3318 3324 3897
9 3253 3257 3262 3296 3300 3312 3335 3347 3781
8 3267 3269 3297 3327 3336 3337 3380 6246
11 3270 3271 3278 3299 3306 3308 3330 3344 3356 3383 3413
11 3276 3281 3291 3292 3295 3309 3315 3357 3359 3417 3427
8 3294 3307 3311 3314 3316 3319 3320 3341
5 3317 3321 3387 3407 3422
8 3323 3328 3331 3339 3343 3388 3431 3440
8 3325 3326 3332 3342 3348 3352 3355 3367
14 3329 3333 3334 3338 3340 3345 3351 3353 3361 3363 3376 3390 3408 3523
6 3354 3358 3400 3415 3456 3886
9 3360 3365 3374 3379 3385 3434 3464 3484 3950
9 3362 3368 3372 3382 3389 3405 3455 3478 5179
14 3364 3366 3370 3377 3391 3392 3397 3399 3419 3423 3441 3447 3480 3500
13 3371 3373 3393 3395 3401 3421 3448 3449 3452 3465 3488 3492 4185
8 3375 3381 3460 3485 3497 3503 3514 3857
13 3384 3394 3396 3404 3406 3428 3437 3481 3486 3504 3505 3522 3525
9 3398 3403 3414 3416 3429 3432 3467 3479 3491
15 3409 3410 3411 3418 3420 3424 3425 3433 3438 3446 3472 3507 3518 3526 3545
13 3426 3430 3436 3439 3470 3473 3499 3502 3509 3519 3520 3528 4732
13 3435 3443 3450 3451 3474 3483 3496 3506 3516 3533 3535 3543 3588
14 3442 3444 3445 3453 3454 3459 3476 3498 3501 3511 3529 3536 3562 4531
14 3457 3461 3462 3463 3466 3489 3494 3515 3551 3558 3571 3576 3589 5874
10 3468 3469 3487 3508 3548 3554 3561 3586 3617 8925
16 3471 3475 3477 3482 3490 3493 3495 3521 3532 3538 3552 3563 3581 3591 3612 6524
16 3510 3512 3513 3524 3534 3547 3550 3553 3567 3568 3577 3595 3604 3609 3611 3922
5 3527 3530 3537 3556 3560
2 3531 3539
17 3540 3541 3542 3557 3565 3566 3570 3574 3575 3582 3587 3592 3597 3600 3613 3618 7681
10 3544 3546 3564 3573 3583 3590 3594 3598 3619 4501
9 3549 3555 3572 3578 3599 3610 3620 3723 8684
6 3579 3584 3593 3602 3614 3797
12 3580 3585 3596 3601 3605 3606 3621 3624 3627 3630 3631 3665
6 3603 3608 3628 3633 3637 3643
11 3607 3615 3622 3623 3625 3634 3635 3641 3642 3644 3711
4 3616 3629 3636 3638
7 3632 3639 3649 3652 3656 3662 3727
11 3640 3645 3648 3650 3653 3658 3660 3670 3671 3679 3730
10 3646 3651 3657 3659 3661 3668 3674 3676 3684 3688
6 3647 3677 3681 3690 3762 3880
9 3654 3667 3673 3678 3683 3687 3715 3716 3741
12 3655 3663 3666 3669 3672 3680 3682 3694 3695 3702 3733 6693
10 3675 3685 3686 3689 3700 3703 3718 3719 3745 6934
5 3691 3696 3724 3771 4271
9 3692 3693 3697 3699 3701 3704 3705 3749 5434
6 3706 3707 3720 3728 3734 3737
3 3708 3709 3791
7 3710 3714 3717 3725 3726 3742 3755
11 3721 3722 3731 3736 3744 3766 3769 3787 3792 3812 3860
7 3729 3759 3800 3801 3804 3819 3836
10 3732 3735 3738 3752 3761 3777 3809 3820 3825 8232
14 3739 3740 3747 3750 3756 3763 3764 3806 3832 3835 3837 3838 3856 4922
10 3743 3746 3748 3757 3767 3834 3844 3848 3858 3899
5 3751 3768 3814 3850 4778
9 3753 3765 3774 3803 3815 3822 3853 3863 3883
4 3754 3760 3884 4013
11 3758 3770 3772 3776 3782 3784 3794 3823 3831 3854 3870
8 3773 3775 3779 3783 3785 3788 3810 3861
6 3778 3789 3793 3796 3805 3824
13 3786 3790 3798 3799 3808 3813 3818 3846 3864 3872 3876 3887 3914
6 3795 3802 3807 3811 3827 5127
10 3816 3817 3821 3826 3828 3841 3852 3868 3889 3890
13 3829 3839 3842 3843 3847 3873 3874 3878 3881 3882 3892 3927 4865