7 0 1 6 12 20 24 63
13 2 3 4 5 7 10 18 25 31 47 65 75 647
7 8 11 29 37 41 85 470
12 9 14 17 19 28 44 77 79 98 124 233 4659
14 13 15 21 30 46 50 88 103 119 126 202 341 960 4964
18 16 22 32 48 52 64 66 72 97 104 105 120 127 145 212 283 411 1627
16 23 26 33 36 38 39 55 56 100 113 121 166 172 224 362 419
23 27 34 35 43 51 54 57 58 86 101 114 129 149 160 181 192 196 205 240 265 277 447 592
26 40 53 59 67 71 76 92 95 96 112 118 137 142 186 195 197 218 235 251 253 262 282 371 491 496 519
18 42 49 60 62 70 83 84 99 122 136 146 151 287 340 439 503 531 694
25 45 61 68 69 73 74 87 109 115 123 131 139 162 206 242 296 312 315 321 368 448 511 537 582 8194
25 78 80 81 91 110 111 116 125 143 148 154 155 217 293 298 344 378 390 451 480 518 578 624 722 3143
22 82 93 106 117 133 140 153 157 165 176 267 269 316 347 349 396 467 501 547 574 697 1199
21 89 90 107 134 135 161 169 179 201 284 317 372 374 399 415 426 561 637 711 819 1289
27 94 108 128 130 132 141 150 168 178 180 211 226 244 246 260 346 351 427 453 497 556 573 641 655 825 845 1177
32 102 138 144 147 163 164 167 177 183 193 241 247 248 268 272 329 364 366 401 441 442 455 486 509 516 616 638 696 796 849 870 1363
28 152 158 173 174 184 189 198 210 214 222 255 279 381 410 423 458 459 464 485 517 566 575 617 730 764 852 900 969
30 156 159 170 171 185 190 194 199 213 234 245 254 263 285 307 326 342 433 469 506 542 581 587 769 788 824 869 946 973 9604
30 175 182 188 200 203 219 223 225 231 264 270 297 299 302 324 348 438 463 483 520 543 607 614 621 661 714 836 953 977 1185
27 187 191 204 228 237 259 274 303 325 354 355 424 454 488 579 622 632 634 652 677 806 818 936 966 1027 1106 1154
25 207 208 209 230 239 249 278 318 335 361 370 495 562 608 640 651 717 731 843 937 950 1071 1099 1298 1445
29 215 216 232 243 257 258 292 305 367 369 379 386 388 398 407 478 524 549 591 668 692 732 749 860 882 951 1001 1212 1397
35 220 221 250 252 266 290 300 301 310 322 331 337 382 414 440 444 471 508 535 631 650 672 695 699 737 787 856 889 990 1010 1079 1150 1235 1268 1851
37 227 229 236 261 313 323 332 334 339 376 406 412 418 449 461 481 490 500 595 657 658 707 708 712 723 735 754 809 891 940 1015 1022 1136 1315 1367 1508 1766
27 238 308 311 345 430 475 492 494 505 538 599 618 725 728 748 752 808 814 857 892 894 978 1105 1181 1350 1428 1648
33 256 271 273 281 288 319 320 353 359 387 403 507 536 646 649 727 757 765 767 783 821 823 859 942 1115 1184 1270 1369 1484 1522 1635 1868 2436
32 275 276 289 338 343 356 358 360 373 384 394 428 510 512 514 568 583 705 742 759 770 826 932 983 1119 1209 1211 1473 1503 1533 1596 2451
32 280 286 291 294 304 363 391 392 413 522 539 559 588 733 755 761 763 776 786 828 880 948 1153 1227 1237 1255 1313 1399 1559 1637 1778 6091
32 295 309 365 380 400 452 465 527 529 533 580 604 613 744 772 797 853 876 898 1017 1108 1129 1254 1263 1288 1295 1327 1345 1551 1651 1993 2107
38 306 314 328 330 350 357 375 383 409 420 468 521 532 546 557 585 611 633 645 700 774 801 807 827 847 885 897 959 1005 1061 1266 1287 1323 1540 1653 1665 1911 2504
41 327 336 385 402 408 425 431 472 473 545 560 564 584 600 603 623 635 669 716 812 829 864 867 890 944 963 1112 1279 1305 1316 1361 1385 1446 1454 1607 1615 1678 1690 1773 1921 2084
37 333 352 389 393 397 435 437 466 567 609 628 639 643 673 756 840 875 913 921 1006 1018 1031 1183 1277 1281 1333 1393 1396 1464 1550 1638 1738 1739 1791 1793 2103 4087
41 377 395 404 421 422 434 443 456 484 499 525 569 594 642 664 680 683 758 762 834 842 912 923 935 945 988 1019 1086 1297 1318 1347 1375 1404 1449 1470 1629 1801 1864 1990 2149 2894
40 405 416 417 429 432 462 489 513 530 550 565 576 615 636 686 693 729 775 803 884 905 967 992 1008 1041 1077 1078 1110 1337 1378 1474 1486 1601 1655 1672 1697 1946 2016 2338 9154
37 436 446 457 479 498 504 515 541 572 597 619 620 644 709 710 713 802 830 887 958 976 1026 1072 1107 1155 1311 1357 1372 1509 1518 1705 1727 1928 1954 1991 2155 2423
36 445 450 460 502 555 590 598 610 648 715 741 751 815 844 903 904 955 985 1033 1043 1065 1084 1159 1162 1232 1331 1374 1527 1543 1634 1762 1875 2007 2217 2254 3767
43 474 476 477 487 571 589 606 630 662 670 689 718 739 777 782 805 831 866 917 938 981 999 1013 1058 1075 1090 1157 1164 1180 1251 1328 1443 1447 1576 1580 1594 1786 1798 1891 1916 2067 2134 2288
42 482 493 523 528 540 563 593 605 653 674 685 734 743 753 778 781 799 838 920 947 982 1050 1073 1087 1101 1116 1200 1202 1381 1432 1475 1479 1529 1626 1765 1820 1881 1967 2059 2157 2367 2507
47 526 534 544 548 627 629 663 675 679 684 690 720 789 790 793 798 832 855 861 895 965 984 998 1047 1114 1117 1156 1190 1201 1208 1324 1478 1497 1500 1514 1583 1628 1716 1800 1834 1981 2031 2099 2213 2291 2480 8696
42 551 656 659 676 678 682 703 704 745 760 771 800 822 858 863 877 914 989 1052 1054 1057 1063 1161 1169 1213 1216 1230 1234 1274 1356 1481 1538 1682 1728 1874 1930 2041 2075 2215 2267 2296 2388
42 552 626 665 667 706 721 740 791 792 833 865 907 909 916 954 1068 1088 1195 1224 1225 1240 1252 1273 1284 1296 1332 1388 1455 1506 1546 1685 1790 1811 1937 1943 1975 2008 2105 2273 2349 2406 2681
45 553 554 701 702 736 738 780 794 841 848 868 872 911 918 1029 1070 1094 1122 1135 1173 1221 1231 1246 1286 1291 1334 1335 1343 1384 1501 1513 1633 1686 1714 1812 1939 2088 2094 2119 2123 2170 2249 2386 2494 2518
30 558 570 596 612 747 750 768 837 851 871 878 881 893 922 1103 1137 1265 1355 1362 1510 1570 1815 1957 1958 2143 2306 2380 2431 2497 3227
36 577 625 666 766 779 784 873 879 883 886 924 986 1056 1142 1146 1272 1336 1338 1366 1376 1438 1463 1534 1586 1669 1718 1841 1859 2054 2189 2329 2467 2523 2661 3116 9860
42 586 601 654 687 785 795 813 888 901 925 933 997 1003 1023 1046 1145 1171 1261 1341 1351 1379 1394 1476 1528 1561 1591 1646 1703 1857 1877 1947 2093 2211 2257 2275 2371 2456 2493 2528 2561 2659 6441
44 602 660 698 773 810 811 817 850 899 902 943 972 974 1002 1032 1034 1085 1128 1170 1223 1346 1391 1400 1426 1569 1605 1617 1658 1699 1731 1869 1878 1974 2063 2065 2261 2268 2357 2444 2481 2532 2565 2623 2786
43 671 688 726 846 854 874 896 906 908 926 964 987 991 1000 1044 1091 1166 1249 1294 1352 1403 1450 1471 1480 1523 1582 1619 1687 1755 1827 1900 1951 1978 2269 2308 2311 2385 2400 2448 2530 2556 2582 2634
45 681 691 724 746 839 862 910 919 927 980 995 1020 1045 1069 1097 1102 1188 1308 1353 1382 1383 1413 1456 1488 1502 1563 1565 1624 1625 1663 1696 1912 1966 1995 2046 2095 2203 2345 2441 2487 2498 2585 2587 2611 2895
45 719 804 816 915 928 930 939 941 996 1007 1011 1096 1120 1126 1147 1262 1314 1358 1392 1416 1457 1469 1495 1571 1578 1581 1613 1645 1702 1722 1729 1782 1902 1982 1997 2072 2104 2214 2264 2501 2516 2544 2594 2630 2879
46 820 835 931 949 956 975 1009 1028 1039 1074 1083 1118 1121 1144 1176 1280 1401 1406 1409 1439 1517 1530 1537 1584 1611 1640 1649 1684 1733 1775 1814 1843 1953 1979 2025 2109 2115 2248 2505 2537 2567 2616 2620 2668 2678 2907
44 929 952 970 979 1012 1064 1081 1082 1092 1158 1163 1182 1214 1292 1402 1418 1451 1453 1458 1496 1511 1598 1606 1623 1652 1654 1656 1803 1850 1910 1989 2074 2160 2197 2250 2393 2422 2510 2514 2572 2670 2716 2719 2936
40 934 957 961 968 971 1004 1089 1104 1168 1172 1215 1321 1452 1461 1494 1504 1536 1567 1616 1632 1710 1743 1757 1844 1901 1922 1945 2079 2162 2177 2282 2302 2360 2454 2571 2667 2749 2781 2783 2980
38 962 993 994 1014 1016 1025 1042 1098 1127 1189 1206 1244 1303 1459 1467 1482 1535 1673 1706 1720 1732 1748 1940 1949 1992 2089 2102 2210 2294 2398 2533 2627 2703 2706 2737 2789 2791 3080
43 1021 1024 1049 1053 1055 1132 1193 1194 1218 1226 1233 1256 1319 1320 1371 1460 1498 1507 1552 1661 1726 1736 1741 1763 1806 1884 1955 1984 1987 2002 2117 2174 2328 2405 2478 2691 2712 2776 2796 2804 2809 2810 3082
47 1030 1035 1036 1037 1051 1059 1076 1093 1133 1138 1149 1151 1174 1207 1228 1290 1389 1405 1483 1489 1553 1636 1664 1713 1719 1780 1823 1970 2023 2035 2073 2172 2196 2199 2284 2285 2336 2376 2427 2559 2709 2751 2807 2814 2901 2942 2994
44 1038 1040 1060 1066 1067 1080 1095 1160 1167 1203 1219 1248 1259 1307 1309 1329 1436 1490 1585 1662 1667 1701 1781 1789 1845 1903 1977 2045 2081 2159 2190 2340 2383 2434 2618 2718 2731 2778 2828 2829 2850 2956 2957 3232
47 1048 1062 1100 1123 1124 1131 1165 1222 1229 1238 1242 1269 1302 1349 1360 1493 1544 1589 1621 1761 1783 1828 1848 1886 1906 1931 2022 2112 2180 2222 2240 2347 2374 2392 2437 2483 2491 2626 2721 2779 2834 2844 2881 2902 2952 3006 3021
48 1109 1113 1139 1140 1152 1178 1197 1198 1243 1245 1253 1258 1301 1306 1395 1524 1618 1630 1642 1698 1771 1819 1830 1840 1858 1941 2026 2047 2118 2127 2208 2317 2356 2363 2443 2553 2694 2784 2812 2848 2862 2904 2911 2968 2969 3024 3048 3580
44 1125 1130 1134 1148 1175 1210 1217 1236 1250 1282 1299 1304 1317 1326 1427 1444 1548 1650 1721 1742 1774 1832 1876 1950 1973 2029 2070 2133 2192 2277 2362 2366 2421 2503 2545 2597 2819 2866 2915 2925 3038 3057 3107 3399
44 1141 1143 1186 1191 1192 1196 1220 1239 1276 1293 1300 1310 1354 1419 1557 1647 1695 1744 1829 1838 1853 1866 1918 2006 2087 2131 2216 2344 2361 2377 2471 2566 2575 2638 2856 2883 2885 2938 2959 2985 3008 3188 3375 9403
46 1179 1187 1204 1205 1241 1264 1283 1322 1342 1344 1370 1423 1431 1532 1564 1708 1709 1723 1747 1796 1847 1856 1873 1885 1887 2043 2113 2128 2164 2259 2319 2438 2461 2529 2579 2669 2824 2926 2953 2990 2999 3030 3059 3071 3386 9478
42 1247 1257 1340 1368 1411 1433 1435 1694 1724 1749 1870 1879 1892 1894 1905 1927 2108 2110 2173 2229 2246 2271 2272 2407 2455 2458 2476 2588 2612 2865 2884 2927 2962 2976 3015 3041 3045 3062 3074 3106 3279 5255
36 1260 1373 1412 1414 1420 1477 1516 1526 1754 1797 1825 1914 1936 2015 2034 2111 2181 2200 2290 2292 2449 2484 2486 2543 2619 2875 2896 2964 2978 3014 3072 3092 3101 3120 3285 3444
45 1267 1278 1325 1390 1430 1440 1485 1519 1525 1549 1671 1849 1867 1908 1915 1920 1929 1952 1963 2014 2019 2125 2130 2219 2224 2227 2307 2321 2420 2453 2598 2621 2641 2655 2729 2732 2987 3070 3083 3138 3157 3159 3422 3504 4275
46 1271 1275 1339 1380 1422 1441 1465 1487 1515 1521 1541 1545 1620 1622 1692 1799 1880 1919 1934 1948 1968 2010 2033 2060 2187 2226 2231 2270 2460 2488 2490 2515 2605 2764 2773 2831 2905 2991 3098 3111 3148 3161 3173 3334 3403 3708
47 1285 1348 1365 1377 1398 1429 1442 1542 1547 1555 1603 1643 1679 1889 1899 1933 1962 1972 2032 2185 2193 2206 2245 2299 2309 2473 2492 2580 2602 2628 2650 2816 2934 3002 3022 3066 3081 3112 3141 3154 3168 3197 3202 3345 3381 3436 9346
44 1312 1330 1410 1417 1421 1448 1462 1560 1562 1593 1602 1610 1668 1792 1935 1960 2004 2044 2056 2077 2225 2278 2283 2312 2333 2379 2402 2592 2662 2676 2726 2871 3023 3084 3135 3163 3196 3207 3218 3305 3366 3474 3517 3595
43 1359 1364 1407 1499 1505 1558 1575 1592 1609 1676 1680 1861 1986 1988 2017 2066 2080 2082 2151 2251 2256 2315 2327 2341 2411 2445 2521 2596 2665 2688 2702 2742 3029 3053 3208 3214 3226 3349 3355 3530 3531 3748 7641
48 1386 1387 1415 1424 1491 1520 1554 1588 1600 1604 1639 1657 1683 1688 1971 2020 2040 2092 2114 2171 2237 2287 2348 2364 2419 2425 2466 2564 2639 2696 2700 2827 2932 3032 3097 3140 3219 3224 3237 3274 3289 3404 3421 3472 3529 3540 3555 3808
44 1408 1425 1437 1468 1531 1590 1597 1608 1612 1631 1674 1689 1693 1802 2009 2011 2050 2068 2121 2148 2153 2204 2220 2300 2387 2432 2447 2593 2625 2723 2733 2861 2880 3017 3087 3133 3165 3239 3308 3406 3468 3554 3634 3810
44 1434 1466 1472 1492 1539 1556 1595 1614 1644 1659 1677 1707 1725 1730 1767 1837 2030 2052 2076 2120 2165 2235 2324 2326 2462 2485 2508 2660 2684 2750 2787 2958 3089 3200 3221 3257 3311 3328 3451 3457 3570 3642 4171 4576
43 1512 1568 1577 1670 1675 1681 1735 1759 1770 1852 2021 2062 2124 2184 2262 2316 2342 2369 2372 2475 2527 2568 2653 2663 2690 2754 2886 2898 2988 3000 3115 3178 3307 3351 3354 3369 3467 3589 3601 3633 3668 3769 3818
50 1572 1573 1599 1660 1691 1700 1715 1737 1740 1750 1760 1777 1810 1836 1872 2028 2071 2116 2188 2260 2354 2370 2413 2464 2540 2549 2632 2697 2727 2792 2798 2910 2974 3012 3052 3206 3223 3338 3352 3450 3478 3493 3522 3645 3734 3758 3826 3857 4014 6491
51 1579 1587 1704 1734 1745 1756 1772 1784 1821 1839 1871 1883 2055 2122 2178 2276 2314 2373 2404 2424 2551 2576 2581 2631 2695 2714 2740 2806 2839 2941 2997 3031 3093 3217 3230 3270 3309 3358 3374 3424 3447 3459 3527 3547 3583 3607 3663 3829 3876 3913 4329
47 1641 1712 1751 1758 1787 1794 1804 1854 1865 1882 1895 1897 1898 2078 2100 2183 2255 2325 2382 2389 2390 2428 2615 2645 2658 2692 2757 2882 3007 3077 3142 3189 3294 3397 3413 3426 3438 3498 3510 3588 3649 3652 3664 3796 3870 3952 6148
43 1711 1746 1753 1776 1795 1822 1888 1904 1980 2097 2132 2243 2355 2408 2416 2500 2546 2704 2708 2821 2869 2899 2972 3046 3231 3252 3255 3276 3296 3469 3483 3521 3542 3559 3578 3614 3653 3697 3760 3816 3901 3918 4037
53 1717 1752 1764 1768 1779 1809 1818 1890 1907 1917 1944 1996 2001 2083 2207 2230 2320 2397 2412 2463 2502 2534 2560 2657 2739 2741 2753 2837 2888 2889 2929 3056 3068 3222 3244 3245 3263 3357 3497 3523 3526 3561 3572 3577 3586 3655 3687 3710 3719 3868 3970 4058 4131
46 1769 1788 1805 1835 1855 1913 1932 1998 2027 2039 2061 2194 2286 2289 2426 2465 2520 2589 2617 2671 2872 2945 2951 2975 3085 3248 3253 3282 3342 3365 3509 3538 3591 3597 3626 3661 3712 3779 3800 3840 3872 4063 4097 4188 4361 7414
48 1785 1807 1842 1862 1863 1923 1961 2036 2053 2057 2064 2106 2281 2415 2474 2495 2539 2577 2656 2666 2682 2893 2949 3004 3088 3162 3204 3261 3337 3372 3378 3539 3593 3613 3627 3676 3688 3706 3713 3717 3842 3906 3931 3956 4111 4184 4331 5638
48 1808 1813 1816 1860 1926 1964 1969 1994 2058 2129 2135 2136 2142 2176 2280 2513 2547 2548 2590 2606 2610 2675 2683 2730 2845 2970 2979 3013 3102 3184 3371 3394 3395 3433 3564 3624 3691 3699 3727 3752 3909 3940 3946 3957 4135 4235 4254 4300
47 1817 1824 1826 1831 1909 1976 1985 2013 2018 2096 2158 2161 2233 2331 2525 2542 2595 2643 2685 2686 2724 2743 2759 2939 2967 3026 3034 3043 3109 3125 3293 3325 3414 3428 3445 3475 3566 3600 3673 3729 3859 3936 3958 3962 4256 4339 4347
50 1833 1846 1893 1896 1924 1956 2000 2003 2024 2137 2138 2154 2175 2303 2337 2509 2522 2558 2647 2699 2761 2780 2982 3047 3113 3129 3319 3327 3466 3485 3569 3617 3658 3689 3726 3768 3838 3841 3848 3930 3938 3959 3979 3985 4268 4274 4345 4364 4418 4502
44 1925 1938 1983 2005 2037 2048 2049 2101 2179 2247 2313 2457 2552 2629 2651 2705 2790 2800 2811 3054 3067 3073 3137 3193 3329 3535 3549 3615 3666 3725 3749 3862 3910 3943 3988 3993 4026 4257 4352 4353 4419 4512 4556 6830
47 1942 2012 2042 2051 2085 2126 2167 2195 2212 2232 2274 2318 2499 2511 2720 2802 2817 2833 3096 3152 3211 3213 3287 3343 3359 3376 3408 3473 3550 3714 3736 3738 3739 3793 3861 3947 3948 3998 4008 4020 4196 4197 4337 4412 4526 4539 4585
49 1959 1965 1999 2069 2140 2141 2144 2147 2201 2238 2266 2298 2375 2624 2654 2725 2760 2808 2818 2826 2842 2903 2944 3180 3250 3370 3400 3418 3419 3621 3638 3690 3732 3750 3823 3900 3990 3994 3996 4036 4075 4138 4222 4224 4287 4422 4437 4594 4644
43 2038 2086 2090 2145 2166 2168 2218 2239 2242 2310 2322 2403 2538 2646 2735 2825 2852 2887 2973 2981 3269 3301 3409 3432 3596 3718 3737 3751 3787 3788 3864 3977 3995 4000 4038 4150 4228 4237 4354 4461 4586 4605 4625
45 2091 2146 2152 2169 2186 2221 2258 2279 2301 2334 2409 2470 2477 2562 2613 2763 2857 2859 2877 2977 2984 3028 3344 3368 3458 3499 3525 3576 3728 3761 3789 3809 3874 3935 4012 4039 4042 4155 4270 4297 4384 4407 4516 4635 4678
48 2098 2139 2182 2198 2205 2228 2236 2295 2323 2391 2433 2435 2601 2689 2722 2799 2835 2867 2878 2897 3003 3061 3377 3437 3461 3552 3571 3594 3740 3773 3790 3792 3843 3924 3965 3980 4029 4061 4105 4291 4346 4380 4518 4540 4643 4708 4747 5273
49 2150 2156 2191 2202 2241 2244 2252 2253 2293 2339 2346 2352 2359 2410 2680 2707 2774 2843 2891 2900 2998 3010 3063 3108 3382 3463 3567 3574 3602 3641 3754 3776 3822 3853 3933 4013 4041 4108 4271 4320 4381 4411 4532 4552 4592 4680 4682 4690 4775
50 2163 2209 2263 2304 2343 2353 2358 2394 2439 2450 2489 2738 2771 2892 2909 2913 2923 2946 3011 3065 3095 3175 3389 3464 3639 3650 3723 3824 3852 3915 3964 3966 4007 4022 4121 4176 4242 4319 4326 4360 4367 4369 4479 4490 4548 4600 4685 4707 4789 4901
50 2223 2234 2265 2297 2305 2335 2384 2395 2401 2429 2531 2541 2788 2919 2924 2928 2935 2948 3078 3094 3132 3220 3271 3401 3470 3512 3799 3805 3869 3880 3916 3967 3969 4016 4024 4133 4173 4210 4255 4366 4416 4517 4561 4590 4674 4699 4712 4821 4916 5921
50 2330 2350 2418 2430 2459 2468 2536 2591 2728 2794 2832 2931 2943 2947 2986 3020 3121 3127 3136 3147 3321 3495 3568 3657 3814 3884 3885 3890 3928 3945 3973 3976 4073 4142 4206 4209 4253 4267 4449 4450 4459 4531 4580 4584 4683 4714 4762 4767 4793 5107
43 2332 2351 2365 2396 2469 2479 2506 2519 2569 2574 2748 2917 2937 2955 2989 3035 3055 3124 3174 3199 3246 3390 3514 3599 3837 3886 3891 3999 4102 4154 4203 4208 4265 4468 4485 4505 4571 4615 4619 4695 4771 4871 4962
49 2368 2378 2381 2399 2472 2482 2524 2599 2608 2637 2642 2674 2679 2960 3018 3058 3110 3131 3146 3251 3284 3441 3477 3605 3662 3820 3960 4010 4023 4056 4143 4198 4225 4269 4283 4296 4336 4510 4593 4631 4664 4666 4698 4735 4791 4832 4875 4915 5178
47 2414 2417 2442 2512 2526 2535 2555 2609 2644 2687 2797 2961 3069 3086 3105 3134 3241 3290 3317 3393 3446 3609 3616 3674 3895 3971 4027 4035 4086 4159 4211 4216 4233 4324 4342 4362 4462 4608 4646 4688 4702 4746 4811 4827 4866 4881 5002
50 2440 2452 2496 2554 2557 2570 2573 2578 2622 2673 2744 2745 2801 2846 3144 3191 3228 3273 3303 3356 3416 3585 3646 3672 3677 3747 3927 3939 4043 4070 4187 4202 4220 4234 4245 4403 4409 4426 4613 4681 4721 4798 4820 4872 4895 4897 4923 4965 4977 5193
47 2446 2517 2550 2563 2583 2604 2614 2633 2664 2677 2710 2762 2770 2853 2983 3090 3166 3194 3277 3310 3360 3449 3507 3684 3692 3786 4033 4051 4054 4085 4261 4285 4301 4308 4427 4463 4651 4705 4733 4783 4840 4841 4890 4947 4956 4978 5211
47 2584 2586 2607 2636 2640 2693 2701 2746 2747 2838 2868 2920 3037 3100 3130 3167 3229 3262 3298 3314 3415 3502 3508 3700 3806 3961 4059 4094 4162 4299 4305 4330 4333 4429 4439 4484 4537 4663 4741 4877 4913 4936 4940 4963 4998 5033 5208
49 2600 2635 2648 2649 2715 2736 2752 2755 2768 2775 2782 2873 2950 3079 3122 3156 3192 3234 3280 3286 3313 3315 3435 3456 3543 3629 3686 3721 3753 3897 4074 4103 4191 4357 4359 4399 4445 4536 4558 4620 4790 4850 4884 4908 4954 4961 5007 5065 5284
44 2603 2652 2698 2711 2756 2767 2815 2840 2908 3103 3114 3151 3158 3176 3215 3300 3320 3364 3453 3584 3695 3730 3801 3888 3894 3978 4080 4106 4118 4372 4441 4451 4528 4563 4569 4624 4848 4905 4973 4981 5021 5044 5320 5517
49 2672 2713 2765 2766 2769 2841 2912 2918 2992 3040 3164 3185 3212 3242 3330 3379 3434 3454 3484 3488 3622 3705 3759 3771 3828 3896 4109 4129 4146 4149 4244 4389 4404 4405 4464 4491 4508 4572 4675 4729 4907 4927 4984 4995 5029 5050 5392 5410 6014
52 2717 2734 2772 2777 2813 2836 2847 2860 2906 2914 2916 2966 3001 3019 3170 3195 3205 3254 3336 3340 3392 3402 3490 3515 3635 3685 3778 3807 3812 3889 3920 4072 4113 4125 4164 4321 4406 4438 4475 4498 4499 4554 4606 4626 4731 4780 4959 5009 5032 5042 5054 5418
47 2758 2785 2855 2858 2876 2930 3033 3049 3182 3243 3275 3304 3341 3362 3398 3407 3494 3548 3795 3819 3849 3923 3926 3963 4157 4207 4240 4453 4482 4513 4595 4686 4709 4744 4781 4912 4920 4979 4993 4999 5017 5091 5092 5161 5204 5227 5453
46 2793 2874 2933 2963 2965 2971 3036 3091 3203 3281 3297 3348 3388 3427 3431 3545 3563 3798 3817 3879 3941 3942 4011 4090 4167 4226 4310 4365 4541 4604 4618 4649 4668 4755 4810 4932 5016 5101 5110 5184 5196 5215 5216 5231 5280 5486
43 2795 2890 2940 3005 3009 3050 3118 3186 3225 3272 3299 3429 3481 3487 3506 3546 3631 3794 3834 3839 3893 3944 3983 4112 4232 4312 4340 4493 4570 4609 4653 4670 4711 4772 4971 5019 5039 5158 5173 5221 5240 5269 5644
44 2803 2954 3027 3044 3051 3099 3126 3238 3266 3267 3318 3326 3335 3417 3500 3532 3544 3553 3846 3974 4045 4098 4120 4139 4258 4328 4434 4492 4557 4654 4656 4725 4770 4806 4816 5085 5099 5180 5225 5256 5257 5361 5365 5561
45 2805 2830 2864 3025 3060 3064 3139 3177 3259 3292 3332 3346 3420 3430 3565 3603 3637 3835 3981 4128 4148 4177 4280 4332 4421 4470 4534 4669 4719 4778 4846 4849 4859 5011 5120 5232 5261 5275 5285 5294 5317 5372 5375 5398 5666
48 2822 2851 2921 2922 3075 3119 3149 3150 3201 3278 3291 3347 3439 3465 3480 3606 3743 3955 3975 3982 4032 4160 4161 4213 4276 4288 4414 4496 4509 4555 4614 4704 4706 4742 4786 4854 4863 4876 4899 5025 5088 5155 5276 5374 5432 5470 5674 6017
45 2849 2993 3042 3076 3128 3169 3172 3264 3283 3331 3373 3486 3489 3513 3608 3670 3850 4019 4081 4179 4180 4199 4218 4317 4335 4488 4522 4525 4596 4623 4752 4826 4837 4860 4894 4968 5140 5172 5300 5337 5344 5386 5473 5591 5698
55 2870 3039 3104 3171 3181 3260 3268 3306 3323 3380 3391 3405 3410 3479 3520 3528 3644 3648 3678 3742 3791 3863 4002 4092 4100 4215 4230 4373 4378 4538 4645 4648 4738 4763 4853 4861 4886 4939 5004 5034 5145 5217 5234 5286 5342 5380 5391 5402 5466 5481 5507 5551 5681 5707 6051
47 2995 3117 3123 3179 3198 3210 3295 3350 3411 3412 3443 3541 3556 3604 3651 3654 3675 3774 3785 3797 3989 4079 4132 4277 4424 4549 4610 4693 4740 4787 4819 4879 4972 4982 5061 5143 5190 5305 5359 5430 5471 5489 5491 5562 5635 5723 5885
47 3016 3145 3187 3209 3216 3235 3302 3316 3333 3367 3518 3537 3558 3610 3683 3802 3813 3825 4021 4101 4153 4284 4294 4343 4351 4448 4676 4700 4727 4756 4800 4812 4842 4924 4928 5047 5078 5089 5203 5243 5316 5319 5408 5459 5513 5618 5823
48 3153 3190 3247 3258 3312 3322 3396 3442 3462 3536 3557 3560 3573 3587 3667 3711 3770 3865 3882 3892 4028 4136 4147 4295 4368 4410 4723 4737 4814 4815 4836 4911 4987 4991 5087 5094 5141 5341 5437 5452 5515 5521 5526 5527 5543 5559 5690 5738
46 3155 3183 3288 3324 3339 3455 3619 3625 3647 3715 3777 3905 3908 3925 3986 4124 4140 4293 4371 4420 4471 4477 4750 4838 4847 4865 4868 4946 5043 5103 5111 5164 5194 5250 5358 5363 5449 5536 5548 5569 5609 5621 5729 5789 5953 6090
53 3233 3240 3353 3361 3383 3385 3476 3503 3575 3620 3669 3724 3745 3912 4003 4031 4047 4064 4178 4212 4375 4382 4383 4417 4546 4578 4776 4839 4843 4893 4902 5003 5038 5060 5131 5139 5165 5264 5364 5381 5445 5538 5549 5582 5586 5633 5667 5712 5717 5774 5851 5970 6164
51 3236 3265 3425 3452 3460 3471 3482 3524 3582 3671 3680 3722 3731 3741 3780 3784 4017 4040 4062 4095 4127 4262 4290 4376 4379 4402 4423 4551 4637 4713 4845 4862 4934 5001 5013 5098 5179 5271 5321 5328 5468 5558 5560 5575 5593 5650 5678 5736 5779 5836 5987
52 3249 3363 3491 3501 3505 3534 3623 3696 3702 3703 3755 3783 3803 3871 3887 4025 4110 4130 4163 4272 4401 4425 4430 4515 4598 4602 4883 4955 4970 5026 5123 5186 5205 5267 5283 5338 5339 5469 5494 5571 5599 5615 5629 5660 5685 5787 5845 5849 5877 5928 5988 6301
48 3256 3496 3519 3579 3598 3612 3682 3707 3716 3804 3821 4044 4055 4158 4168 4243 4266 4428 4511 4583 4603 4633 4748 5027 5037 5056 5150 5236 5242 5288 5335 5414 5518 5589 5624 5649 5657 5665 5711 5728 5734 5795 5859 5948 5950 5991 6061 6172
47 3384 3533 3618 3630 3681 3701 3733 3757 3830 3904 3934 4134 4137 4201 4223 4292 4316 4431 4440 4591 4617 4743 4761 4829 5040 5081 5154 5212 5246 5272 5362 5421 5458 5544 5576 5625 5677 5702 5715 5747 5780 5844 5870 5897 6012 6065 6575
51 3387 3423 3562 3592 3640 3643 3693 3735 3744 3762 3836 3847 3854 3984 4004 4145 4174 4190 4281 4306 4334 4456 4547 4601 4779 4851 5067 5072 5076 5114 5174 5199 5295 5331 5389 5444 5554 5563 5572 5676 5686 5725 5805 5809 5813 5907 5915 5930 6055 6088 6207
48 3440 3448 3516 3611 3656 3659 3763 3764 3844 3851 3858 4048 4083 4185 4193 4204 4344 4564 4667 4813 4855 5073 5095 5104 5187 5239 5252 5340 5357 5393 5399 5605 5607 5641 5684 5709 5719 5764 5776 5812 5864 5918 5960 6008 6038 6074 6121 6627
48 3511 3581 3628 3679 3694 3746 3845 3881 3907 3917 4015 4069 4076 4089 4229 4241 4374 4435 4519 4582 4599 4749 4914 4918 4943 5191 5248 5287 5385 5394 5415 5431 5602 5616 5620 5651 5722 5765 5819 5882 5926 6022 6029 6094 6133 6135 6173 6422
46 3590 3632 3665 3698 3811 3898 3919 3949 3997 4116 4117 4194 4247 4289 4341 4443 4504 4520 4612 4658 4919 4925 4930 4992 5214 5268 5270 5419 5422 5463 5623 5626 5710 5735 5785 5824 5872 5936 5937 5985 6011 6059 6142 6179 6202 7555
50 3636 3704 3709 3765 3781 3782 3855 3954 4001 4093 4126 4175 4205 4221 4263 4348 4363 4444 4489 4533 4565 4687 4696 4986 5006 5122 5299 5426 5447 5464 5487 5594 5617 5627 5640 5656 5663 5743 5762 5792 5873 5946 5996 6002 6013 6028 6149 6159 6216 6479
45 3660 3720 3756 3772 3827 3856 3866 3899 3951 4005 4009 4096 4144 4251 4264 4388 4460 4500 4544 4684 4882 5015 5048 5075 5202 5220 5346 5443 5479 5493 5495 5630 5697 5745 5753 5788 5888 5932 6040 6041 6052 6157 6235 6240 6371
43 3766 3775 3833 3860 3867 3903 3932 3992 4018 4030 4104 4183 4273 4315 4325 4370 4396 4497 4652 4689 4825 5024 5063 5093 5132 5152 5356 5373 5484 5498 5628 5631 5750 5754 5814 5902 5995 6053 6068 6161 6184 6189 6246
48 3815 3832 3873 3911 3914 3950 3953 4046 4053 4152 4181 4231 4302 4350 4385 4387 4413 4432 4542 4577 4665 4720 4728 4822 4985 5108 5135 5378 5485 5505 5565 5636 5655 5807 5858 5871 5922 6019 6066 6076 6080 6136 6141 6169 6217 6264 6271 6413
47 3831 3877 3878 3921 4034 4050 4082 4252 4278 4282 4355 4446 4527 4579 4679 4726 4732 4818 4823 4835 5080 5118 5198 5219 5230 5379 5409 5531 5539 5614 5672 5688 5708 5778 5866 5892 5933 5961 5981 6077 6103 6153 6203 6266 6269 6279 6405
48 3875 3902 3929 3937 3968 3972 4067 4084 4156 4227 4298 4356 4452 4457 4550 4630 4638 4691 4774 4782 4952 5162 5265 5427 5450 5477 5519 5541 5567 5573 5733 5799 5825 5920 5979 5992 6070 6086 6139 6181 6222 6303 6320 6332 6390 6480 6511 6787
50 3883 3922 3987 4006 4123 4250 4304 4307 4358 4377 4465 4483 4559 4641 4647 4657 4785 4833 5200 5249 5330 5438 5504 5540 5546 5590 5622 5642 5692 5773 5816 5853 5891 5893 6031 6047 6071 6081 6108 6201 6251 6293 6305 6325 6377 6442 6496 6537 6576 6588
51 3991 4068 4091 4151 4165 4192 4309 4313 4394 4454 4521 4524 4792 4831 4844 4869 4873 4906 5289 5291 5347 5367 5417 5497 5577 5643 5652 5662 5806 5899 5923 5929 6067 6089 6101 6116 6131 6209 6248 6260 6308 6311 6327 6358 6397 6404 6447 6498 6513 6546 6614
52 4049 4057 4071 4088 4186 4200 4286 4314 4323 4395 4478 4545 4562 4575 4828 4856 4857 4864 4892 5137 5259 5306 5428 5581 5606 5646 5648 5737 5741 5810 5841 5927 5977 6004 6095 6109 6126 6196 6239 6254 6289 6316 6335 6356 6360 6415 6435 6561 6587 6596 6632 8909
48 4052 4060 4099 4195 4248 4386 4472 4566 4588 4694 4888 4898 4921 4988 5000 5083 5352 5441 5578 5579 5695 5718 5727 5746 5755 5775 5827 5931 5980 6023 6034 6107 6118 6158 6241 6273 6290 6317 6324 6431 6490 6495 6503 6524 6542 6598 6625 6835
46 4065 4066 4115 4166 4214 4219 4249 4391 4393 4486 4487 4589 4640 4703 4736 4874 4929 4945 4990 5018 5290 5451 5611 5689 5716 5730 5790 5880 5884 5957 5986 6020 6043 6122 6194 6259 6281 6339 6366 6465 6533 6564 6573 6639 7207 7264
47 4077 4107 4114 4119 4169 4217 4239 4279 4311 4408 4495 4514 4530 4621 4628 4758 4799 4880 4938 4941 5059 5100 5106 5192 5488 5664 5691 5720 5731 5943 5958 5982 6035 6083 6132 6144 6342 6355 6408 6499 6532 6626 6633 6647 6680 6843 7010
46 4078 4122 4170 4259 4327 4400 4436 4474 4529 4597 4627 4642 4692 4858 4885 4889 4997 5010 5028 5064 5124 5281 5420 5600 5732 5752 5808 5820 5971 5989 6039 6054 6064 6165 6243 6370 6391 6420 6467 6478 6506 6637 6650 6656 6730 6906
41 4141 4182 4236 4238 4318 4415 4442 4476 4553 4672 4724 4900 5012 5023 5035 5096 5169 5282 5701 5758 5842 5978 6009 6045 6087 6110 6193 6297 6333 6383 6455 6489 6501 6517 6534 6569 6631 6654 6663 6737 6898
44 4172 4189 4246 4303 4338 4392 4455 4507 4567 4673 4722 4734 4931 4953 4958 5036 5175 5292 5411 5761 5767 5786 5804 5956 6048 6058 6106 6140 6199 6219 6314 6381 6458 6477 6541 6577 6660 6667 6673 6722 6732 6755 6804 7911
43 4260 4349 4390 4458 4480 4560 4573 4622 4639 4677 4745 5045 5068 5279 5297 5309 5332 5766 5782 5800 5817 5924 6050 6104 6120 6127 6232 6247 6349 6373 6536 6548 6560 6583 6619 6704 6762 6776 6783 6784 6806 6974 7527
46 4322 4397 4398 4481 4535 4587 4636 4716 4730 4788 4809 4969 5053 5055 5070 5304 5327 5395 5533 5833 5839 5962 5972 6006 6075 6078 6079 6119 6124 6146 6195 6270 6346 6443 6525 6568 6579 6592 6602 6636 6709 6761 6798 6810 6952 7021
48 4433 4503 4581 4607 4629 4655 4784 4795 4942 4948 4950 5058 5071 5090 5119 5121 5311 5429 5442 5568 5592 5840 5848 5854 5947 6072 6100 6111 6170 6180 6204 6249 6285 6372 6401 6514 6526 6589 6593 6659 6661 6713 6745 6821 6823 6865 7049 7260
46 4447 4466 4543 4574 4616 4632 4697 4739 4817 4903 4975 5052 5074 5133 5142 5146 5222 5314 5382 5530 5770 5803 5834 5894 5909 5993 5994 6134 6220 6223 6288 6307 6336 6394 6468 6549 6608 6662 6688 6717 6833 6842 6932 7066 7162 7649
49 4467 4469 4473 4501 4568 4650 4710 4718 4887 4976 5079 5084 5183 5189 5322 5329 5404 5405 5603 5847 5852 5998 6024 6044 6063 6156 6166 6226 6302 6315 6343 6387 6469 6529 6571 6642 6679 6702 6751 6782 6797 6838 6867 6881 6883 6942 6960 7134 7341
46 4494 4611 4634 4660 4715 4757 4777 4926 4983 5105 5159 5235 5238 5384 5397 5480 5601 5661 5830 5869 5874 6026 6147 6175 6306 6326 6365 6400 6505 6558 6604 6605 6645 6691 6694 6769 6799 6818 6832 6901 6920 6947 6955 7063 7272 9577
51 4523 4661 4662 4671 4701 4717 4802 4834 4867 5022 5125 5157 5163 5168 5274 5277 5278 5350 5412 5694 5768 5828 5913 6010 6060 6143 6174 6182 6282 6323 6334 6353 6403 6417 6487 6527 6555 6641 6700 6723 6733 6771 6774 6801 6828 6909 6916 6969 7153 7187 7326
50 4751 4769 4824 4910 4917 4933 5005 5020 5066 5116 5167 5170 5293 5366 5390 5425 5699 5890 5905 6018 6098 6192 6213 6228 6321 6338 6376 6438 6476 6512 6528 6682 6685 6788 6805 6825 6840 6848 6858 6887 6899 6907 6921 6929 6972 7002 7004 7165 7194 7456
52 4753 4754 4773 4794 4896 4966 4996 5051 5117 5126 5138 5171 5176 5301 5343 5403 5413 5501 5547 5791 5964 6025 6082 6114 6137 6253 6291 6345 6350 6384 6396 6492 6494 6611 6695 6736 6739 6777 6803 6831 6852 6880 6886 6911 6943 6988 7008 7050 7123 7178 7215 7234
44 4759 4765 4797 4870 4937 5082 5144 5148 5166 5177 5223 5302 5312 5315 5355 5407 5434 5440 5550 5811 5974 6129 6145 6208 6362 6418 6466 6617 6678 6734 6789 6834 6855 6913 6917 6981 6986 7019 7029 7094 7246 7270 7315 7319
44 4760 4764 4766 4803 4909 5086 5102 5151 5188 5201 5228 5253 5369 5474 5506 5514 5584 5781 5951 6085 6115 6176 6272 6298 6375 6380 6432 6471 6628 6689 6725 6827 6839 6853 6870 6903 6926 7048 7052 7089 7100 7294 7348 7417
46 4768 4796 4807 4808 4944 4957 5109 5181 5182 5210 5218 5296 5401 5433 5490 5509 5647 5704 5793 5818 6138 6178 6187 6337 6378 6414 6439 6518 6607 6649 6712 6759 6775 6863 6894 6896 6934 6957 7055 7074 7090 7106 7107 7174 7322 7364
47 4801 4805 4878 4922 5041 5112 5128 5129 5156 5207 5224 5229 5244 5303 5360 5439 5496 5508 5597 5906 5963 6206 6224 6352 6388 6398 6433 6451 6530 6653 6724 6760 6792 6875 6923 6964 7073 7101 7119 7121 7125 7152 7156 7192 7214 7362 7368
52 4804 4830 4904 4951 4980 5031 5153 5195 5226 5251 5298 5307 5323 5353 5376 5396 5406 5502 5510 5659 5687 6033 6183 6310 6354 6367 6399 6426 6448 6450 6462 6521 6594 6621 6802 6884 6900 6937 6987 7017 7092 7128 7154 7164 7166 7223 7261 7371 7399 7422 7460 7885
48 4852 4949 4974 5014 5077 5113 5115 5127 5206 5258 5308 5313 5318 5348 5424 5457 5512 5523 5637 5749 5763 5983 6191 6238 6368 6386 6406 6453 6539 6807 6850 6877 6905 6938 6949 6984 7034 7041 7137 7139 7140 7220 7280 7386 7424 7470 7471 7502
50 4891 4935 4960 4967 4989 4994 5097 5134 5185 5263 5333 5349 5351 5435 5446 5556 5570 5700 5769 5802 5862 6287 6429 6457 6483 6502 6540 6545 6565 6714 6758 6939 6958 7023 7027 7057 7067 7113 7169 7197 7224 7228 7281 7332 7396 7413 7435 7474 7478 7492
51 5008 5030 5069 5209 5213 5233 5345 5368 5499 5542 5587 5596 5670 5821 5822 5838 5843 5904 6171 6318 6434 6449 6460 6484 6508 6544 6591 6624 6629 6644 6757 6768 6904 6946 6967 7051 7064 7085 7182 7250 7252 7287 7289 7354 7411 7457 7477 7517 7533 7534 7577
44 5046 5049 5130 5237 5241 5400 5416 5423 5436 5580 5610 5639 5739 5742 5856 6069 6225 6456 6486 6510 6670 6696 6698 6726 6837 6940 6953 7003 7070 7127 7143 7145 7204 7255 7301 7303 7306 7376 7453 7463 7518 7537 7540 7996
47 5057 5062 5136 5197 5247 5387 5448 5456 5478 5619 5748 5757 5861 5878 5879 5975 6357 6515 6552 6581 6582 6601 6665 6684 6692 6701 6706 6841 6861 6962 6965 6968 7079 7083 7095 7160 7168 7254 7263 7302 7339 7342 7490 7508 7542 7559 7747
42 5147 5149 5262 5310 5460 5461 5516 5654 5682 5706 5759 5760 5772 5900 5911 6215 6574 6585 6612 6646 6716 6719 6721 6743 6786 6930 6963 7040 7093 7098 7170 7193 7269 7360 7440 7505 7520 7521 7553 7568 7593 7688
49 5160 5254 5324 5334 5377 5462 5520 5522 5585 5683 5783 5784 5850 5887 5916 5935 5976 6037 6185 6210 6252 6454 6648 6728 6735 6741 6742 6749 6851 6924 6977 6991 7069 7103 7129 7141 7198 7211 7389 7444 7445 7480 7486 7524 7544 7583 7608 7652 8618
46 5260 5266 5325 5326 5336 5354 5467 5472 5476 5525 5671 5714 5796 5863 5925 5969 6015 6163 6268 6586 6590 6693 6763 6772 6846 6895 6998 7013 7053 7133 7208 7225 7226 7266 7391 7451 7454 7461 7523 7551 7595 7600 7604 7631 7654 7690
46 5370 5383 5388 5475 5483 5545 5574 5598 5693 5726 5860 5875 6027 6084 6188 6263 6606 6672 6674 6697 6780 6809 6811 6836 6873 6945 7001 7044 7081 7155 7181 7189 7231 7241 7274 7311 7452 7465 7498 7601 7602 7616 7618 7655 7718 7887
44 5371 5465 5482 5492 5511 5534 5566 5612 5696 5744 5857 5896 6036 6057 6097 6277 6651 6707 6773 6813 6829 6892 6908 7007 7012 7033 7102 7172 7196 7200 7248 7262 7283 7293 7420 7434 7469 7501 7512 7617 7677 7697 7722 7796
50 5455 5500 5503 5528 5529 5553 5583 5632 5658 5705 5724 5867 5901 6049 6160 6221 6230 6296 6711 6814 6849 6878 6915 7005 7018 7035 7072 7184 7206 7210 7273 7285 7314 7325 7372 7398 7497 7562 7567 7619 7644 7647 7683 7705 7713 7726 7729 7741 7756 7936
51 5524 5532 5537 5613 5653 5680 5713 5797 5883 6007 6099 6112 6128 6162 6167 6233 6256 6609 6856 6862 6882 6893 6941 6948 6996 7025 7058 7075 7124 7146 7159 7212 7217 7292 7333 7350 7366 7403 7425 7565 7658 7659 7666 7687 7717 7730 7731 7764 7772 7774 9556
39 5535 5557 5564 5668 5826 5829 5910 5912 6105 6186 6236 6276 6331 6364 6412 6708 6914 6927 6951 6954 7056 7088 7126 7167 7218 7221 7357 7373 7446 7504 7530 7594 7665 7669 7711 7738 7775 7907 8307
46 5552 5588 5595 5608 5669 5751 5794 5855 5868 5940 5949 6177 6205 6212 6218 6244 6267 6344 6409 6820 6918 6976 6989 6993 7032 7077 7099 7171 7236 7271 7410 7428 7433 7476 7535 7548 7627 7657 7714 7746 7770 7788 7789 7805 7806 7820
45 5604 5645 5673 5675 5815 5945 5990 6168 6274 6280 6300 6312 6329 6385 6531 6572 6997 6999 7000 7043 7112 7118 7199 7276 7307 7310 7353 7365 7437 7438 7447 7479 7495 7547 7570 7686 7734 7754 7791 7801 7817 7837 7839 7886 8114
37 5634 5703 5721 5777 5846 5886 5965 5968 6005 6016 6231 6286 6295 6328 6361 6472 6473 6872 7009 7059 7104 7114 7237 7290 7363 7378 7499 7506 7599 7716 7736 7749 7799 7804 7841 7850 7899
33 5740 5881 5895 5999 6000 6046 6125 6292 6299 6309 6359 6436 6522 6535 6567 6666 6705 7037 7039 7068 7130 7238 7385 7500 7507 7550 7807 7810 7843 7852 7854 7908 8265
32 5756 5771 5798 5865 5903 5917 5997 6032 6073 6341 6369 6389 6419 6446 6523 6615 6715 7046 7076 7150 7157 7233 7265 7510 7563 7571 7780 7818 7827 7856 7861 7917
42 5801 5837 5889 5898 5934 6030 6102 6113 6123 6242 6393 6470 6538 6550 6584 6630 6690 7036 7062 7071 7082 7091 7108 7213 7242 7247 7312 7514 7573 7582 7640 7646 7685 7786 7825 7857 7858 7900 7903 7947 8009 8311
39 5832 5876 5908 5938 5942 6092 6150 6152 6211 6395 6427 6437 6553 6559 6652 6824 7105 7122 7188 7257 7258 7388 7431 7515 7546 7578 7585 7624 7634 7762 7862 7868 7895 7921 7934 7978 7997 8385 8636
42 5835 5914 5967 6117 6151 6237 6255 6262 6304 6452 6500 6519 6547 6675 6740 6764 6800 7131 7195 7267 7288 7298 7491 7556 7591 7628 7632 7684 7710 7783 7797 7814 7892 7897 7902 7923 7926 7965 8037 8062 8151 9600
41 5919 5939 5941 5944 5984 6155 6245 6275 6278 6348 6410 6551 6562 6727 6750 6795 6860 7135 7209 7268 7275 7282 7300 7308 7321 7344 7493 7558 7615 7626 7635 7732 7819 7904 7905 7930 7938 8061 8068 8096 9438
34 5952 5966 6003 6258 6283 6313 6322 6379 6411 6616 6676 6686 6744 6847 7243 7284 7328 7340 7346 7532 7564 7622 7630 7656 7673 7821 7913 7933 7951 7966 7970 8216 8314 8465
46 5955 5973 6093 6234 6284 6382 6402 6464 6554 6618 6622 6738 6793 6866 6979 7117 7330 7345 7355 7370 7429 7443 7509 7557 7587 7623 7676 7779 7823 7826 7874 7920 7945 7954 7956 7967 7968 8011 8060 8070 8092 8180 8351 8392 8694 9784
44 5959 6001 6154 6200 6250 6351 6421 6459 6485 6566 6634 6747 6826 6912 7097 7291 7305 7334 7377 7400 7404 7459 7549 7586 7588 7681 7692 7733 7808 7813 7832 7879 7940 7963 7972 7991 8018 8024 8105 8110 8132 8167 8360 8387
42 6021 6062 6214 6265 6294 6363 6374 6407 6481 6516 6643 6752 6854 6874 6971 7163 7352 7387 7432 7531 7554 7560 7612 7620 7682 7700 7737 7829 7834 7943 7959 7964 7977 7987 7998 8002 8077 8146 8187 8195 8225 8395
45 6042 6056 6190 6319 6347 6392 6416 6444 6493 6580 6703 6817 6919 6978 7024 7038 7190 7336 7374 7589 7663 7696 7701 7702 7725 7750 7778 7836 7848 7961 7971 8010 8014 8030 8032 8058 8081 8164 8228 8236 8240 8268 8443 8470 9204
44 6096 6198 6227 6257 6425 6445 6504 6520 6556 6681 6753 6859 6902 6944 7045 7304 7407 7419 7423 7450 7596 7645 7712 7739 7757 7758 7763 7803 7881 7889 7975 7999 8016 8021 8043 8084 8117 8165 8174 8270 8290 8298 8317 8548
38 6130 6197 6261 6461 6463 6474 6509 6563 6600 6658 6990 6994 7061 7078 7111 7401 7409 7462 7503 7525 7706 7740 7792 7795 7888 7898 8023 8028 8045 8075 8100 8197 8218 8353 8409 8479 8629 9163
42 6229 6330 6475 6482 6578 6620 6623 6710 6754 7054 7110 7142 7202 7393 7415 7455 7466 7522 7785 7809 7831 7853 7909 7912 7994 8041 8048 8054 8065 8088 8104 8112 8192 8241 8244 8272 8305 8374 8412 8514 8631 8670
43 6340 6423 6488 6497 6557 6597 6603 6635 6655 6657 6731 6779 6822 7028 7227 7278 7468 7472 7484 7536 7651 7776 7816 7830 7844 7924 7932 8056 8059 8069 8079 8101 8127 8136 8202 8219 8363 8376 8402 8539 8589 8640 8945
40 6424 6543 6595 6640 6664 6677 6699 6746 6816 6985 7065 7296 7316 7473 7610 7672 7766 7838 7846 7859 7893 7962 8029 8034 8064 8071 8102 8126 8160 8179 8203 8247 8393 8416 8574 8583 8596 8753 8771 9558
39 6428 6430 6570 6610 6669 6671 6687 6718 6765 6922 7016 7086 7240 7349 7390 7597 7661 7680 7824 7860 7882 8031 8051 8082 8086 8091 8113 8157 8169 8243 8275 8302 8484 8501 8522 8619 8682 8784 8964
40 6440 6507 6613 6638 6668 6683 6720 6748 6756 6766 6819 7087 7149 7185 7317 7356 7483 7580 7614 7709 7727 7771 7863 7873 7877 7884 7919 7948 8087 8095 8098 8163 8188 8252 8306 8343 8487 8585 8683 8799
34 6599 6729 6767 6794 6966 7158 7201 7299 7338 7361 7405 7592 7605 7629 7664 7753 7761 7906 7953 8007 8107 8138 8156 8173 8229 8287 8308 8323 8510 8516 8542 8715 8805 9697
43 6770 6778 6785 6790 6815 6844 6868 7022 7191 7347 7369 7392 7513 7660 7670 7765 7767 7802 7876 7942 7973 8035 8109 8116 8119 8133 8161 8181 8209 8312 8326 8408 8433 8515 8520 8533 8555 8582 8731 8743 8744 8816 9212
53 6781 6791 6796 6857 6864 6869 6876 7144 7151 7203 7239 7359 7406 7526 7671 7693 7703 7811 7928 7935 7941 7949 7989 8015 8038 8066 8124 8129 8135 8139 8155 8171 8186 8198 8199 8208 8212 8280 8340 8344 8382 8388 8527 8535 8554 8559 8658 8749 8750 8768 8819 8879 9018
45 6808 6812 6845 6871 6889 6910 6925 7026 7176 7327 7375 7379 7541 7561 7675 7743 7815 7847 7939 7950 7958 7990 8020 8115 8137 8140 8148 8158 8196 8230 8233 8300 8301 8342 8405 8456 8556 8567 8606 8637 8660 8770 8774 8887 9307
50 6879 6888 6890 6928 6935 6936 6961 6995 7060 7259 7381 7408 7412 7441 7572 7691 7745 7748 7812 7835 7875 7983 8047 8089 8094 8149 8168 8175 8190 8210 8217 8221 8259 8271 8303 8304 8354 8357 8428 8449 8576 8633 8672 8695 8708 8776 8782 8898 8932 9138
43 6885 6891 6897 6931 6959 6970 6973 7011 7120 7147 7279 7436 7464 7467 7489 7755 7784 7869 7925 8008 8106 8142 8185 8189 8200 8226 8269 8291 8313 8321 8359 8411 8427 8622 8648 8685 8712 8792 8895 8918 8941 9255 9982
43 6933 6950 6956 6980 6983 7020 7042 7177 7180 7286 7538 7598 7621 7777 7891 7955 8013 8067 8122 8144 8191 8223 8242 8276 8283 8288 8331 8361 8380 8451 8632 8706 8729 8736 8810 8830 8880 8891 8928 8978 9015 9161 9343
46 6975 6982 6992 7014 7084 7183 7232 7249 7253 7430 7607 7650 7751 7790 7872 7927 7993 8004 8055 8145 8222 8231 8248 8254 8279 8295 8310 8333 8336 8367 8379 8397 8430 8467 8557 8690 8738 8772 8846 8893 8916 8986 9003 9071 9192 9354
43 7006 7015 7030 7109 7116 7351 7383 7488 7637 7679 7768 7800 7870 7981 8025 8040 8131 8147 8153 8159 8206 8255 8319 8396 8403 8444 8457 8473 8474 8485 8647 8747 8763 8823 8935 8953 8959 9001 9045 9094 9100 9109 9358
41 7031 7047 7115 7161 7173 7244 7416 7581 7715 7719 7769 7840 7916 8005 8042 8213 8214 8215 8278 8329 8341 8362 8370 8414 8419 8452 8508 8521 8626 8748 8777 8779 8803 8965 9030 9064 9152 9188 9330 9410 9418
47 7080 7096 7148 7219 7230 7295 7367 7485 7723 7773 7845 7866 7878 7931 8123 8211 8224 8245 8253 8284 8294 8296 8332 8334 8338 8348 8373 8401 8420 8429 8459 8524 8531 8635 8664 8788 8845 8979 9023 9080 9113 9164 9293 9296 9404 9510 9941
46 7132 7175 7216 7222 7251 7323 7329 7442 7667 7668 7880 7960 7988 8001 8150 8258 8260 8330 8335 8337 8345 8355 8422 8425 8461 8491 8496 8525 8563 8570 8600 8676 8716 8739 8742 8789 8802 8940 8981 9134 9244 9349 9383 9388 9481 9724
44 7136 7179 7235 7309 7331 7384 7397 7482 7728 7865 7896 7915 8000 8182 8238 8262 8318 8347 8350 8352 8371 8378 8426 8475 8480 8495 8529 8537 8571 8580 8612 8643 8703 8719 8735 8809 8811 8836 8987 9353 9422 9431 9527 9700
44 7138 7186 7205 7245 7335 7394 7449 7475 7519 7528 7721 7842 7910 7980 8022 8036 8249 8251 8264 8358 8369 8384 8390 8436 8489 8490 8497 8519 8534 8608 8656 8674 8785 8806 8818 8902 8955 8994 9041 9170 9444 9474 9505 9544
42 7229 7256 7297 7313 7358 7380 7458 7516 7543 7603 7742 7752 7944 8006 8076 8154 8263 8274 8398 8413 8435 8446 8498 8578 8587 8662 8684 8822 8825 8838 8852 8929 9020 9022 9025 9099 9347 9452 9555 9607 9650 9741
47 7277 7320 7324 7343 7395 7402 7481 7575 7894 7952 7974 8012 8050 8093 8178 8201 8235 8289 8309 8325 8391 8437 8448 8455 8476 8509 8550 8597 8599 8614 8667 8671 8692 8704 8853 8962 9028 9032 9082 9112 9398 9463 9542 9573 9580 9643 9770
41 7318 7337 7421 7487 7579 7625 7957 7986 8027 8204 8256 8292 8316 8377 8458 8466 8482 8512 8558 8560 8601 8610 8702 8705 8720 8868 8888 8905 8985 9034 9065 9069 9124 9143 9320 9535 9579 9645 9748 9768 9782
41 7382 7439 7496 7566 7699 7992 8046 8111 8239 8322 8460 8477 8483 8505 8507 8536 8538 8591 8621 8630 8650 8688 8707 8758 8767 8795 8863 8881 8922 9013 9036 9074 9101 9148 9285 9423 9615 9731 9786 9799 9932
42 7418 7448 7494 7529 7552 7611 8003 8052 8072 8176 8234 8285 8328 8349 8365 8423 8499 8511 8552 8604 8605 8611 8639 8675 8691 8713 8757 8800 8817 8900 8923 8951 8998 9004 9176 9193 9208 9342 9563 9687 9802 9827
49 7426 7511 7569 7606 7636 7648 7707 7985 8063 8108 8257 8281 8381 8389 8418 8463 8528 8562 8573 8616 8661 8686 8721 8722 8732 8759 8764 8773 8804 8827 8839 8856 8930 9000 9009 9026 9062 9167 9181 9205 9253 9374 9476 9517 9586 9698 9829 9837 9895
52 7427 7539 7574 7613 7638 7689 7698 7864 7890 8073 8120 8250 8320 8375 8410 8417 8441 8469 8493 8532 8577 8617 8659 8665 8666 8752 8761 8762 8780 8796 8837 8843 8866 8869 8921 8973 9048 9061 9063 9198 9201 9221 9277 9335 9572 9613 9705 9765 9767 9838 9847 9914
40 7545 7633 7694 7695 7724 7867 8130 8273 8368 8442 8454 8478 8486 8518 8593 8602 8623 8677 8734 8755 8769 8775 8787 8847 8908 8947 8996 9083 9085 9086 9108 9225 9291 9450 9523 9620 9642 9723 9841 9918
47 7576 7639 7643 7674 7708 7720 7744 8053 8162 8193 8266 8293 8471 8488 8506 8541 8581 8603 8628 8760 8801 8807 8860 8867 8942 8982 8984 8997 9005 9016 9102 9125 9132 9146 9226 9265 9318 9377 9524 9557 9679 9759 9774 9828 9866 9873 9958
41 7584 7609 7642 7662 7787 7794 7798 7976 8261 8421 8494 8500 8517 8569 8641 8652 8668 8808 8813 8814 8864 8871 8882 8901 8960 9011 9017 9070 9088 9114 9142 9171 9301 9399 9508 9582 9710 9778 9869 9882 9969
45 7653 7704 7760 7782 7883 7969 8026 8074 8277 8445 8462 8526 8553 8588 8655 8680 8728 8815 8821 8824 8826 8842 8878 8883 8926 8972 8999 9021 9040 9105 9137 9195 9206 9259 9269 9364 9503 9576 9633 9863 9894 9916 9968 9991 9995
39 7678 7735 7781 7793 7871 7922 8017 8049 8166 8327 8464 8564 8572 8620 8627 8642 8689 8794 8832 8844 8855 8859 8886 8915 8975 9046 9066 9144 9162 9199 9210 9275 9348 9486 9539 9661 9900 9904 9971
42 7822 7855 7918 7929 7982 8083 8134 8237 8530 8575 8594 8609 8638 8679 8798 8840 8857 8861 8899 8925 8990 9047 9050 9077 9103 9156 9214 9230 9234 9245 9305 9306 9379 9433 9602 9610 9667 9713 9788 9912 9927 9947
45 7828 7901 7937 7946 7979 8080 8143 8282 8339 8624 8634 8645 8687 8700 8783 8812 8862 8877 8892 8907 8938 8939 8963 9002 9060 9081 9091 9098 9122 9140 9169 9174 9237 9271 9298 9313 9331 9357 9472 9638 9715 9805 9905 9950 9987
32 7833 7851 7914 7984 8044 8170 8324 8439 8549 8584 8646 8673 8723 8876 8889 8894 8956 9007 9008 9024 9119 9209 9239 9294 9319 9333 9369 9493 9631 9766 9886 9934
35 7849 7995 8039 8078 8118 8356 8481 8543 8586 8649 8834 8874 8912 8917 8931 8989 9010 9072 9160 9177 9196 9197 9252 9262 9266 9295 9341 9373 9402 9479 9514 9637 9819 9948 9978
40 8033 8057 8085 8121 8125 8183 8286 8415 8438 8540 8615 8651 8663 8718 8737 8741 8793 8848 8904 8943 8967 8976 9035 9043 9118 9217 9222 9232 9264 9276 9297 9316 9345 9386 9449 9496 9550 9652 9865 9962
34 8090 8128 8152 8346 8400 8431 8613 8681 8711 8726 8754 8828 8911 8944 8988 9012 9029 9057 9068 9135 9233 9250 9283 9292 9299 9323 9337 9396 9401 9468 9536 9569 9686 9924
40 8097 8099 8172 8177 8207 8386 8513 8547 8693 8701 8714 8727 8790 8831 8913 8914 8974 8993 9051 9092 9158 9179 9185 9207 9256 9290 9312 9355 9405 9419 9429 9432 9511 9516 9519 9521 9578 9608 9691 9849
40 8103 8184 8205 8227 8297 8503 8625 8697 8746 8756 8791 8933 9006 9056 9067 9087 9089 9090 9116 9187 9228 9261 9311 9325 9387 9409 9426 9465 9471 9473 9480 9512 9530 9574 9597 9603 9657 9722 9813 9878
39 8141 8220 8246 8267 8399 8566 8699 8751 8765 8778 8820 8865 8873 8937 9044 9078 9093 9110 9127 9178 9216 9218 9278 9279 9326 9389 9411 9421 9427 9487 9509 9518 9532 9541 9605 9623 9840 9903 9977
35 8299 8315 8364 8404 8590 8717 8733 8766 8833 8897 8920 9059 9084 9126 9153 9173 9247 9249 9280 9303 9334 9344 9400 9448 9513 9525 9551 9566 9611 9639 9649 9663 9680 9881 9953
33 8366 8434 8592 8657 8829 8841 8872 8884 8906 8910 8924 8958 8968 8991 9133 9149 9186 9203 9231 9267 9287 9359 9390 9424 9469 9528 9534 9614 9656 9682 9744 9789 9945
34 8372 8383 8407 8447 8710 8740 8745 8885 8936 8954 8957 8970 9107 9172 9183 9220 9254 9281 9300 9365 9367 9381 9430 9453 9483 9553 9560 9567 9626 9641 9644 9684 9749 9834
34 8394 8424 8492 8781 8797 8927 8950 8966 8992 9027 9055 9121 9165 9182 9240 9260 9309 9372 9414 9434 9455 9507 9564 9570 9595 9647 9676 9693 9701 9711 9746 9775 9859 9879
34 8406 8432 8440 8851 8875 8890 8977 9033 9076 9096 9097 9139 9184 9235 9270 9274 9317 9327 9332 9370 9458 9464 9466 9547 9587 9653 9706 9726 9730 9758 9801 9843 9965 9972
37 8450 8453 8468 8504 8523 8565 8919 8949 9019 9042 9052 9079 9115 9147 9190 9223 9241 9272 9289 9308 9314 9363 9368 9412 9490 9501 9552 9588 9596 9598 9659 9779 9783 9807 9875 9911 9926
31 8472 8568 8579 8654 8870 8934 9073 9095 9123 9200 9229 9238 9302 9310 9324 9338 9339 9375 9482 9497 9545 9609 9616 9617 9624 9674 9776 9823 9846 9920 9938
24 8502 8545 8546 8678 8786 8952 9039 9120 9129 9242 9258 9315 9329 9362 9376 9500 9502 9618 9630 9671 9709 9867 9897 9944
30 8544 8551 8653 8730 8835 8850 8980 9130 9131 9251 9263 9268 9350 9380 9406 9415 9420 9526 9548 9628 9651 9664 9666 9673 9683 9717 9796 9896 9901 9946
30 8561 8607 8698 8903 8969 9075 9104 9128 9150 9219 9286 9356 9391 9393 9425 9436 9437 9529 9575 9593 9654 9655 9668 9712 9734 9830 9852 9922 9928 9981
22 8595 8896 8948 8971 9037 9175 9224 9304 9394 9395 9439 9442 9451 9562 9660 9672 9681 9716 9877 9893 9929 9985
27 8598 8644 8669 8961 8995 9136 9202 9236 9273 9322 9397 9407 9456 9457 9461 9495 9634 9677 9689 9694 9704 9707 9729 9736 9794 9935 9998
24 8709 8983 9117 9157 9227 9352 9366 9378 9382 9384 9416 9454 9467 9477 9491 9499 9658 9690 9703 9739 9757 9810 9996 9999
19 8724 8854 9031 9155 9213 9248 9385 9428 9462 9484 9485 9531 9720 9728 9750 9763 9769 9876 9923
19 8725 8858 9014 9166 9257 9361 9408 9489 9494 9533 9554 9733 9737 9760 9780 9792 9800 9845 9931
20 8849 9038 9243 9288 9336 9440 9459 9504 9540 9546 9583 9619 9753 9762 9771 9793 9809 9824 9844 9959
25 8946 9049 9053 9282 9417 9441 9470 9492 9506 9515 9520 9537 9565 9599 9622 9675 9781 9795 9798 9808 9812 9821 9833 9862 9902
14 9054 9211 9445 9522 9549 9571 9648 9725 9815 9818 9855 9871 9906 9964
14 9058 9106 9141 9328 9559 9568 9585 9708 9745 9835 9839 9857 9919 9983
13 9111 9246 9360 9561 9584 9589 9590 9629 9640 9790 9842 9908 9952
21 9145 9151 9194 9435 9460 9591 9592 9606 9621 9625 9665 9803 9848 9851 9853 9854 9883 9910 9917 9979 9993
17 9159 9168 9371 9446 9612 9632 9669 9678 9719 9721 9831 9864 9870 9885 9889 9921 9973
13 9180 9215 9488 9498 9627 9735 9754 9825 9880 9898 9939 9949 9970
16 9189 9284 9443 9447 9594 9635 9636 9732 9752 9761 9772 9856 9892 9909 9954 9976
15 9191 9321 9340 9538 9646 9699 9702 9751 9773 9777 9907 9936 9975 9989 9994
15 9351 9543 9581 9662 9685 9743 9755 9785 9811 9817 9874 9899 9915 9943 9986
12 9392 9688 9695 9747 9791 9804 9806 9816 9836 9884 9955 9990
10 9413 9692 9718 9727 9756 9787 9850 9891 9937 9961
9 9670 9696 9714 9740 9797 9930 9940 9963 9974
9 9738 9742 9764 9820 9933 9951 9956 9967 9980
5 9814 9826 9868 9942 9966
6 9822 9832 9858 9887 9913 9984
6 9861 9872 9890 9957 9960 9988
2 9888 9992
1 9925
0
0
0
0
0
0
0
0
0
0
0
0
0
0
0
0
0
0
0
0
0
0
0
0
0
0
0
0
0
0
0
0
0
0
0
0
0
0
0
0
0
0
0
0
0
0
0
0
0
0
0
0
0
0
0
0
0
0
0
0
0
0
0
0
0
0
0
0
0
0
0
0
0
0
0
0
0
0
0
0
0
0
0
0
0
0
0
0
0
0
0
0
2 9475 9601
8 1566 1574 2823 2996 3492 3551 5245 5555